<?xml version="1.0" encoding="UTF-8"?>
<testsuite name="com.thoughtworks.rectangle.RectangleTest" tests="1" skipped="0" failures="0" errors="0" timestamp="2022-11-16T12:11:26" hostname="gurushifu-gurushifugitp-f8pl5l0vzf3" time="0.022">
  <properties/>
  <testcase name="shouldReturnAreaWhenLengthAndBreadthArePositive()" classname="com.thoughtworks.rectangle.RectangleTest" time="0.022"/>
  <system-out><![CDATA[]]></system-out>
  <system-err><![CDATA[]]></system-err>
</testsuite>
